
ROM used: 1934 (6%)
          1934 (6%) including unused fragments

          1 Average locations per line
          4 Average locations per statement

RAM used: 17 (1%) at main() level
          28 (2%) worst case

Stack used: 3 worst case (out of 31 total available)

Lines Stmts  %   Files
----- ----- ---  -----
  176   102  21  teclas.c
  332     0   0  ..\..\..\..\..\Program Files (x86)\PICC\devices\18f452.h
  143    59  12  lcd_generico.c
 2055   238  50  ..\..\..\..\..\Program Files (x86)\PICC\drivers\math.h
  168    77  16  ds1307.c
----- -----
 2874   476 Total

Page ROM  %  RAM   Vol Diff  Functions:
---- --- --- ---   --- ----  ----------
0     38   1   1             @delay_ms1
0     26   1   1             @delay_us1
0    168   4   0   910  3.4  inic_display
0    124   3   4   750  6.5  display
0     12   0   1    38  1.0  mostra
0    220   6   0  1256  5.3  verifica_teclas
0    618  16   5  1392  3.9  MAIN
0     40   1   3             @DIV88
0    200   5   6             @PRINTF_D_52
0     38   1   0             @const242
0     40   1   0             @const243
0    234   6   9             @PRINTF_LD_52
0     24   1   0             @const246
0     26   1   0             @const247
0     26   1   0             @const248
0     28   1   0             @const249
0     22   1   0             @const250
0     22   1   0             @const251
0     24   1   0             @const252

Program metrics:
    Functions               5
    Statements              476
    Comments                428
    Volume (V)              5800
    Difficilty (D)          19.7
    Effort to implement (E) 114171
    Time to implement (T)   1 hours, 46 minutes
    Est Delivered Bugs (B)  1
    Cyclomatic Complexity   26
    Maintainability (MI)    108

 Segment     Used  Free
-----------  ----  ----
00000-00002     4  0  
00004-07FFE  1930  30834  



